#
# A fatal error has been detected by the Java Runtime Environment:
#
#  SIGSEGV (0xb) at pc=0x000000012760e45f, pid=69847, tid=0x000000000000c50b
#
# JRE version: Java(TM) SE Runtime Environment (8.0_144-b01) (build 1.8.0_144-b01)
# Java VM: Java HotSpot(TM) 64-Bit Server VM (25.144-b01 mixed mode bsd-amd64 compressed oops)
# Problematic frame:
# C  [libawt_lwawt.dylib+0x1c45f]  OGLSD_SetScratchSurface+0x49
#
# Failed to write core dump. Core dumps have been disabled. To enable core dumping, try "ulimit -c unlimited" before starting Java again
#
# If you would like to submit a bug report, please visit:
#   http://bugreport.java.com/bugreport/crash.jsp
# The crash happened outside the Java Virtual Machine in native code.
# See problematic frame for where to report the bug.
#

---------------  T H R E A D  ---------------

Current thread (0x00007fc3b0954800):  JavaThread "Java2D Queue Flusher" daemon [_thread_in_native, id=50443, stack(0x0000700006a4c000,0x0000700006b4c000)]

siginfo: si_signo: 11 (SIGSEGV), si_code: 1 (SEGV_MAPERR), si_addr: 0x0000000000000002

Registers:
RAX=0x00000000ffffffff, RBX=0x0000000000000002, RCX=0x0000000000000047, RDX=0x000000012762f258
RSP=0x0000700006b4b810, RBP=0x0000700006b4b830, RSI=0x00007fc3b5dada10, RDI=0x00007fc3b09549f8
R8 =0x0000000000000020, R9 =0x0000000000000000, R10=0x000000010c1a3c78, R11=0x00000000d802c532
R12=0x0000000000000000, R13=0x00000006c0162a50, R14=0x00007fc3b09549f8, R15=0x00007fc3b0954800
RIP=0x000000012760e45f, EFLAGS=0x0000000000010202, ERR=0x0000000000000004
  TRAPNO=0x000000000000000e

Top of Stack: (sp=0x0000700006b4b810)
0x0000700006b4b810:   00007fc3b5dada10 0000000000000000
0x0000700006b4b820:   00007fc3b120e010 00007fc3b0954800
0x0000700006b4b830:   0000700006b4b8b0 000000012762ed36
0x0000700006b4b840:   0000000000000064 00007fc3b0455ee8
0x0000700006b4b850:   0000700006b4b8b0 000000010ab501e8
0x0000700006b4b860:   0000000000000005 00007fc3b0954800
0x0000700006b4b870:   00000006c0162a01 00007fc3b120e020
0x0000700006b4b880:   0000700000b4b800 00007fc3b09549f8
0x0000700006b4b890:   0000000000000000 0000000000000000
0x0000700006b4b8a0:   0000700006b4b908 00007fc3b0954800
0x0000700006b4b8b0:   0000700006b4b900 000000010c1a3cea
0x0000700006b4b8c0:   00000006c0162978 0000700006b4b908
0x0000700006b4b8d0:   0000000123c8b3e8 0000000000000000
0x0000700006b4b8e0:   000000015c833f98 0000000000000000
0x0000700006b4b8f0:   0000700006b4b910 0000000000000000
0x0000700006b4b900:   00000000d802c52f 000000010c1ba6a0
0x0000700006b4b910:   00000006c0162978 00000006c0162a50
0x0000700006b4b920:   0000000000000000 0000000000000000
0x0000700006b4b930:   00000006c0162a50 0000700006b4b9d0
0x0000700006b4b940:   0000000000000001 0000000000000000
0x0000700006b4b950:   0000700006b4b9d0 000000010b7a77a7
0x0000700006b4b960:   00000006c0162a50 00000006c017de20
0x0000700006b4b970:   0000700000001fa0 000000000000000a
0x0000700006b4b980:   00007fc3b0954800 0000000000000001
0x0000700006b4b990:   000000010b7a771f 00000001239562b0
0x0000700006b4b9a0:   0000700006b4ba68 0000700006b4bd00
0x0000700006b4b9b0:   000000010000000a 00000001239562b0
0x0000700006b4b9c0:   000000010b7ba120 0000700006b4bc70
0x0000700006b4b9d0:   0000700006b4bb80 000000010aaee70a
0x0000700006b4b9e0:   0000700000000001 00007fc3b0954800
0x0000700006b4b9f0:   00007fc3b0954800 0000700006b4bd00
0x0000700006b4ba00:   00007fc3b0455ee0 000000010b7ba120 

Instructions: (pc=0x000000012760e45f)
0x000000012760e43f:   c0 e9 82 00 00 00 48 8b 5e 10 48 85 db 75 0e bf
0x000000012760e44f:   01 00 00 00 48 8d 15 67 7b 03 00 eb d6 49 89 fe
0x000000012760e45f:   4c 8b 3b 30 c0 e8 21 a6 02 00 49 8b 3f 49 89 c4
0x000000012760e46f:   48 8b 35 aa 02 06 00 30 c0 e8 51 a7 02 00 48 85 

Register to memory mapping:

RAX=0x00000000ffffffff is an unknown value
RBX=0x0000000000000002 is an unknown value
RCX=0x0000000000000047 is an unknown value
RDX=0x000000012762f258: Java_sun_java2d_opengl_OGLRenderQueue_flushBuffer+0xb5c in /Library/Java/JavaVirtualMachines/jdk1.8.0_144.jdk/Contents/Home/jre/lib/libawt_lwawt.dylib at 0x00000001275f2000
RSP=0x0000700006b4b810 is pointing into the stack for thread: 0x00007fc3b0954800
RBP=0x0000700006b4b830 is pointing into the stack for thread: 0x00007fc3b0954800
RSI=0x00007fc3b5dada10 is an unknown value
RDI=0x00007fc3b09549f8 is an unknown value
R8 =0x0000000000000020 is an unknown value
R9 =0x0000000000000000 is an unknown value
R10=0x000000010c1a3c78 is at entry_point+56 in (nmethod*)0x000000010c1a3ad0
R11=0x00000000d802c532 is an unknown value
R12=0x0000000000000000 is an unknown value
R13=0x00000006c0162a50 is an oop
sun.java2d.opengl.OGLRenderQueue$QueueFlusher 
 - klass: 'sun/java2d/opengl/OGLRenderQueue$QueueFlusher'
R14=0x00007fc3b09549f8 is an unknown value
R15=0x00007fc3b0954800 is a thread


Stack: [0x0000700006a4c000,0x0000700006b4c000],  sp=0x0000700006b4b810,  free space=1022k
Native frames: (J=compiled Java code, j=interpreted, Vv=VM code, C=native code)
C  [libawt_lwawt.dylib+0x1c45f]  OGLSD_SetScratchSurface+0x49
C  [libawt_lwawt.dylib+0x3cd36]  Java_sun_java2d_opengl_OGLRenderQueue_flushBuffer+0x63a
J 3200  sun.java2d.opengl.OGLRenderQueue.flushBuffer(JI)V (0 bytes) @ 0x000000010c1a3cea [0x000000010c1a3c40+0xaa]
J 7524% C2 sun.java2d.opengl.OGLRenderQueue$QueueFlusher.run()V (234 bytes) @ 0x000000010c1ba6a0 [0x000000010c1ba3a0+0x300]
v  ~StubRoutines::call_stub
V  [libjvm.dylib+0x2ee70a]
V  [libjvm.dylib+0x2eeeae]
V  [libjvm.dylib+0x2ef05a]
V  [libjvm.dylib+0x3497b1]
V  [libjvm.dylib+0x56c0b3]
V  [libjvm.dylib+0x56d7a0]
V  [libjvm.dylib+0x48baee]
C  [libsystem_pthread.dylib+0x3661]  _pthread_body+0x154
C  [libsystem_pthread.dylib+0x350d]  _pthread_body+0x0
C  [libsystem_pthread.dylib+0x2bf9]  thread_start+0xd
C  0x0000000000000000

Java frames: (J=compiled Java code, j=interpreted, Vv=VM code)
J 3200  sun.java2d.opengl.OGLRenderQueue.flushBuffer(JI)V (0 bytes) @ 0x000000010c1a3c78 [0x000000010c1a3c40+0x38]
J 7524% C2 sun.java2d.opengl.OGLRenderQueue$QueueFlusher.run()V (234 bytes) @ 0x000000010c1ba6a0 [0x000000010c1ba3a0+0x300]
v  ~StubRoutines::call_stub

---------------  P R O C E S S  ---------------

Java Threads: ( => current thread )
  0x00007fc3b0936000 JavaThread "pool-2-thread-8" [_thread_blocked, id=79699, stack(0x0000700007470000,0x0000700007570000)]
  0x00007fc3b0b86000 JavaThread "pool-2-thread-7" [_thread_blocked, id=90695, stack(0x000070000736d000,0x000070000746d000)]
  0x00007fc3b3003000 JavaThread "pool-2-thread-6" [_thread_blocked, id=126743, stack(0x000070000726a000,0x000070000736a000)]
  0x00007fc3b14c0800 JavaThread "pool-2-thread-5" [_thread_blocked, id=67347, stack(0x00007000070e4000,0x00007000071e4000)]
  0x00007fc3b1241000 JavaThread "pool-2-thread-4" [_thread_blocked, id=63799, stack(0x0000700006f5b000,0x000070000705b000)]
  0x00007fc3b0ba4000 JavaThread "pool-2-thread-3" [_thread_blocked, id=40971, stack(0x000070000683d000,0x000070000693d000)]
  0x00007fc3b335d000 JavaThread "pool-2-thread-2" [_thread_blocked, id=89891, stack(0x00007000050f2000,0x00007000051f2000)]
  0x00007fc3b31b5000 JavaThread "pool-2-thread-1" [_thread_blocked, id=129803, stack(0x000070000673a000,0x000070000683a000)]
  0x00007fc3b0c89800 JavaThread "DestroyJavaVM" [_thread_blocked, id=9219, stack(0x000070000527b000,0x000070000537b000)]
  0x00007fc3b19fe000 JavaThread "TimerQueue" daemon [_thread_blocked, id=66827, stack(0x0000700006e58000,0x0000700006f58000)]
  0x00007fc3b0be7000 JavaThread "AWT-EventQueue-0" [_thread_blocked, id=68899, stack(0x0000700006d55000,0x0000700006e55000)]
  0x00007fc3b3188000 JavaThread "Timer-0" daemon [_thread_blocked, id=58671, stack(0x0000700006c52000,0x0000700006d52000)]
  0x00007fc3b0b80800 JavaThread "Java2D Disposer" daemon [_thread_blocked, id=75279, stack(0x0000700006b4f000,0x0000700006c4f000)]
=>0x00007fc3b0954800 JavaThread "Java2D Queue Flusher" daemon [_thread_in_native, id=50443, stack(0x0000700006a4c000,0x0000700006b4c000)]
  0x00007fc3b08f9800 JavaThread "AWT-Shutdown" [_thread_blocked, id=27179, stack(0x00007000065b4000,0x00007000066b4000)]
  0x00007fc3b08fa800 JavaThread "AppKit Thread" daemon [_thread_in_native, id=775, stack(0x00007ffee6b90000,0x00007ffee7390000)]
  0x00007fc3b3042000 JavaThread "Service Thread" daemon [_thread_blocked, id=15619, stack(0x00007000063ae000,0x00007000064ae000)]
  0x00007fc3b1801000 JavaThread "C1 CompilerThread3" daemon [_thread_blocked, id=15875, stack(0x00007000062ab000,0x00007000063ab000)]
  0x00007fc3b1018800 JavaThread "C2 CompilerThread2" daemon [_thread_blocked, id=16387, stack(0x00007000061a8000,0x00007000062a8000)]
  0x00007fc3b1800000 JavaThread "C2 CompilerThread1" daemon [_thread_blocked, id=14595, stack(0x00007000060a5000,0x00007000061a5000)]
  0x00007fc3b0831800 JavaThread "C2 CompilerThread0" daemon [_thread_blocked, id=16899, stack(0x0000700005fa2000,0x00007000060a2000)]
  0x00007fc3b0830800 JavaThread "Signal Dispatcher" daemon [_thread_blocked, id=14091, stack(0x0000700005e9f000,0x0000700005f9f000)]
  0x00007fc3b0827000 JavaThread "Finalizer" daemon [_thread_blocked, id=18947, stack(0x0000700005d9c000,0x0000700005e9c000)]
  0x00007fc3b0824000 JavaThread "Reference Handler" daemon [_thread_blocked, id=19459, stack(0x0000700005c99000,0x0000700005d99000)]

Other Threads:
  0x00007fc3b3020000 VMThread [stack: 0x0000700005b96000,0x0000700005c96000] [id=12291]
  0x00007fc3b0828000 WatcherThread [stack: 0x00007000064b1000,0x00007000065b1000] [id=15107]

VM state:not at safepoint (normal execution)

VM Mutex/Monitor currently owned by a thread: None

Heap:
 PSYoungGen      total 519168K, used 15135K [0x000000076ab00000, 0x00000007a8f80000, 0x00000007c0000000)
  eden space 463872K, 3% used [0x000000076ab00000,0x000000076b9c7d80,0x0000000787000000)
  from space 55296K, 0% used [0x00000007a2c00000,0x00000007a2c00000,0x00000007a6200000)
  to   space 46592K, 0% used [0x00000007a6200000,0x00000007a6200000,0x00000007a8f80000)
 ParOldGen       total 145408K, used 37926K [0x00000006c0000000, 0x00000006c8e00000, 0x000000076ab00000)
  object space 145408K, 26% used [0x00000006c0000000,0x00000006c2509810,0x00000006c8e00000)
 Metaspace       used 24354K, capacity 24836K, committed 25088K, reserved 1071104K
  class space    used 2899K, capacity 3041K, committed 3072K, reserved 1048576K

Card table byte_map: [0x0000000108d39000,0x000000010953a000] byte_map_base: 0x0000000105739000

Marking Bits: (ParMarkBitMap*) 0x000000010b0f35d0
 Begin Bits: [0x000000011acfd000, 0x000000011ecfd000)
 End Bits:   [0x000000011ecfd000, 0x0000000122cfd000)

Polling page: 0x0000000108926000

CodeCache: size=245760Kb used=20591Kb max_used=20607Kb free=225168Kb
 bounds [0x000000010b7a7000, 0x000000010cbf7000, 0x000000011a7a7000]
 total_blobs=6566 nmethods=5865 adapters=612
 compilation: enabled

Compilation events (10 events):
Event: 55384.391 Thread 0x00007fc3b1801000 7534       3       javax.swing.JList::getAccessibleContext (24 bytes)
Event: 55384.391 Thread 0x00007fc3b1801000 nmethod 7534 0x000000010bf2af90 code [0x000000010bf2b100, 0x000000010bf2b368]
Event: 55384.605 Thread 0x00007fc3b1801000 7535       3       java.beans.PropertyChangeSupport::firePropertyChange (35 bytes)
Event: 55384.606 Thread 0x00007fc3b1801000 nmethod 7535 0x000000010c0bc990 code [0x000000010c0bcb40, 0x000000010c0bd1e8]
Event: 55384.628 Thread 0x00007fc3b1801000 7536       3       java.lang.reflect.Field::set (52 bytes)
Event: 55384.629 Thread 0x00007fc3b1801000 nmethod 7536 0x000000010c0bbf50 code [0x000000010c0bc120, 0x000000010c0bc768]
Event: 55384.964 Thread 0x00007fc3b1801000 7539       3       java.util.IdentityHashMap$KeyIterator::<init> (6 bytes)
Event: 55384.964 Thread 0x00007fc3b1801000 nmethod 7539 0x000000010c1d3150 code [0x000000010c1d32c0, 0x000000010c1d3528]
Event: 55384.965 Thread 0x00007fc3b1801000 7540       3       java.util.IdentityHashMap$KeyIterator::<init> (12 bytes)
Event: 55384.965 Thread 0x00007fc3b1801000 nmethod 7540 0x000000010c10e690 code [0x000000010c10e800, 0x000000010c10ea08]

GC Heap History (10 events):
Event: 50519.049 GC heap before
{Heap before GC invocations=37 (full 3):
 PSYoungGen      total 600064K, used 599927K [0x000000076ab00000, 0x00000007adf00000, 0x00000007c0000000)
  eden space 553984K, 100% used [0x000000076ab00000,0x000000078c800000,0x000000078c800000)
  from space 46080K, 99% used [0x00000007a8400000,0x00000007ab0ddf30,0x00000007ab100000)
  to   space 47104K, 0% used [0x00000007ab100000,0x00000007ab100000,0x00000007adf00000)
 ParOldGen       total 162304K, used 97533K [0x00000006c0000000, 0x00000006c9e80000, 0x000000076ab00000)
  object space 162304K, 60% used [0x00000006c0000000,0x00000006c5f3f5d0,0x00000006c9e80000)
 Metaspace       used 24266K, capacity 24714K, committed 25088K, reserved 1071104K
  class space    used 2897K, capacity 3042K, committed 3072K, reserved 1048576K
Event: 50519.054 GC heap after
Heap after GC invocations=37 (full 3):
 PSYoungGen      total 574464K, used 44340K [0x000000076ab00000, 0x00000007adc80000, 0x00000007c0000000)
  eden space 529920K, 0% used [0x000000076ab00000,0x000000076ab00000,0x000000078b080000)
  from space 44544K, 99% used [0x00000007ab100000,0x00000007adc4d130,0x00000007adc80000)
  to   space 64512K, 0% used [0x00000007a5e80000,0x00000007a5e80000,0x00000007a9d80000)
 ParOldGen       total 162304K, used 97541K [0x00000006c0000000, 0x00000006c9e80000, 0x000000076ab00000)
  object space 162304K, 60% used [0x00000006c0000000,0x00000006c5f415d0,0x00000006c9e80000)
 Metaspace       used 24266K, capacity 24714K, committed 25088K, reserved 1071104K
  class space    used 2897K, capacity 3042K, committed 3072K, reserved 1048576K
}
Event: 51079.519 GC heap before
{Heap before GC invocations=38 (full 3):
 PSYoungGen      total 574464K, used 574260K [0x000000076ab00000, 0x00000007adc80000, 0x00000007c0000000)
  eden space 529920K, 100% used [0x000000076ab00000,0x000000078b080000,0x000000078b080000)
  from space 44544K, 99% used [0x00000007ab100000,0x00000007adc4d130,0x00000007adc80000)
  to   space 64512K, 0% used [0x00000007a5e80000,0x00000007a5e80000,0x00000007a9d80000)
 ParOldGen       total 162304K, used 97541K [0x00000006c0000000, 0x00000006c9e80000, 0x000000076ab00000)
  object space 162304K, 60% used [0x00000006c0000000,0x00000006c5f415d0,0x00000006c9e80000)
 Metaspace       used 24318K, capacity 24842K, committed 25088K, reserved 1071104K
  class space    used 2897K, capacity 3042K, committed 3072K, reserved 1048576K
Event: 51079.580 GC heap after
Heap after GC invocations=38 (full 3):
 PSYoungGen      total 556544K, used 49271K [0x000000076ab00000, 0x00000007ab180000, 0x00000007c0000000)
  eden space 506880K, 0% used [0x000000076ab00000,0x000000076ab00000,0x0000000789a00000)
  from space 49664K, 99% used [0x00000007a5e80000,0x00000007a8e9de60,0x00000007a8f00000)
  to   space 35328K, 0% used [0x00000007a8f00000,0x00000007a8f00000,0x00000007ab180000)
 ParOldGen       total 162304K, used 97549K [0x00000006c0000000, 0x00000006c9e80000, 0x000000076ab00000)
  object space 162304K, 60% used [0x00000006c0000000,0x00000006c5f435d0,0x00000006c9e80000)
 Metaspace       used 24318K, capacity 24842K, committed 25088K, reserved 1071104K
  class space    used 2897K, capacity 3042K, committed 3072K, reserved 1048576K
}
Event: 51385.080 GC heap before
{Heap before GC invocations=39 (full 3):
 PSYoungGen      total 556544K, used 556151K [0x000000076ab00000, 0x00000007ab180000, 0x00000007c0000000)
  eden space 506880K, 100% used [0x000000076ab00000,0x0000000789a00000,0x0000000789a00000)
  from space 49664K, 99% used [0x00000007a5e80000,0x00000007a8e9de60,0x00000007a8f00000)
  to   space 35328K, 0% used [0x00000007a8f00000,0x00000007a8f00000,0x00000007ab180000)
 ParOldGen       total 162304K, used 97549K [0x00000006c0000000, 0x00000006c9e80000, 0x000000076ab00000)
  object space 162304K, 60% used [0x00000006c0000000,0x00000006c5f435d0,0x00000006c9e80000)
 Metaspace       used 24351K, capacity 24842K, committed 25088K, reserved 1071104K
  class space    used 2899K, capacity 3042K, committed 3072K, reserved 1048576K
Event: 51385.114 GC heap after
Heap after GC invocations=39 (full 3):
 PSYoungGen      total 513536K, used 28579K [0x000000076ab00000, 0x00000007aab00000, 0x00000007c0000000)
  eden space 484864K, 0% used [0x000000076ab00000,0x000000076ab00000,0x0000000788480000)
  from space 28672K, 99% used [0x00000007a8f00000,0x00000007aaae8c98,0x00000007aab00000)
  to   space 65024K, 0% used [0x00000007a2c00000,0x00000007a2c00000,0x00000007a6b80000)
 ParOldGen       total 162304K, used 118241K [0x00000006c0000000, 0x00000006c9e80000, 0x000000076ab00000)
  object space 162304K, 72% used [0x00000006c0000000,0x00000006c7378420,0x00000006c9e80000)
 Metaspace       used 24351K, capacity 24842K, committed 25088K, reserved 1071104K
  class space    used 2899K, capacity 3042K, committed 3072K, reserved 1048576K
}
Event: 55384.700 GC heap before
{Heap before GC invocations=40 (full 3):
 PSYoungGen      total 513536K, used 508852K [0x000000076ab00000, 0x00000007aab00000, 0x00000007c0000000)
  eden space 484864K, 99% used [0x000000076ab00000,0x00000007880044c8,0x0000000788480000)
  from space 28672K, 99% used [0x00000007a8f00000,0x00000007aaae8c98,0x00000007aab00000)
  to   space 65024K, 0% used [0x00000007a2c00000,0x00000007a2c00000,0x00000007a6b80000)
 ParOldGen       total 162304K, used 118241K [0x00000006c0000000, 0x00000006c9e80000, 0x000000076ab00000)
  object space 162304K, 72% used [0x00000006c0000000,0x00000006c7378420,0x00000006c9e80000)
 Metaspace       used 24357K, capacity 24842K, committed 25088K, reserved 1071104K
  class space    used 2899K, capacity 3042K, committed 3072K, reserved 1048576K
Event: 55384.811 GC heap after
Heap after GC invocations=40 (full 3):
 PSYoungGen      total 519168K, used 55065K [0x000000076ab00000, 0x00000007a8f80000, 0x00000007c0000000)
  eden space 463872K, 0% used [0x000000076ab00000,0x000000076ab00000,0x0000000787000000)
  from space 55296K, 99% used [0x00000007a2c00000,0x00000007a61c6750,0x00000007a6200000)
  to   space 46592K, 0% used [0x00000007a6200000,0x00000007a6200000,0x00000007a8f80000)
 ParOldGen       total 162304K, used 128582K [0x00000006c0000000, 0x00000006c9e80000, 0x000000076ab00000)
  object space 162304K, 79% used [0x00000006c0000000,0x00000006c7d91b48,0x00000006c9e80000)
 Metaspace       used 24357K, capacity 24842K, committed 25088K, reserved 1071104K
  class space    used 2899K, capacity 3042K, committed 3072K, reserved 1048576K
}
Event: 55384.811 GC heap before
{Heap before GC invocations=41 (full 4):
 PSYoungGen      total 519168K, used 55065K [0x000000076ab00000, 0x00000007a8f80000, 0x00000007c0000000)
  eden space 463872K, 0% used [0x000000076ab00000,0x000000076ab00000,0x0000000787000000)
  from space 55296K, 99% used [0x00000007a2c00000,0x00000007a61c6750,0x00000007a6200000)
  to   space 46592K, 0% used [0x00000007a6200000,0x00000007a6200000,0x00000007a8f80000)
 ParOldGen       total 162304K, used 128582K [0x00000006c0000000, 0x00000006c9e80000, 0x000000076ab00000)
  object space 162304K, 79% used [0x00000006c0000000,0x00000006c7d91b48,0x00000006c9e80000)
 Metaspace       used 24357K, capacity 24842K, committed 25088K, reserved 1071104K
  class space    used 2899K, capacity 3042K, committed 3072K, reserved 1048576K
Event: 55384.944 GC heap after
Heap after GC invocations=41 (full 4):
 PSYoungGen      total 519168K, used 0K [0x000000076ab00000, 0x00000007a8f80000, 0x00000007c0000000)
  eden space 463872K, 0% used [0x000000076ab00000,0x000000076ab00000,0x0000000787000000)
  from space 55296K, 0% used [0x00000007a2c00000,0x00000007a2c00000,0x00000007a6200000)
  to   space 46592K, 0% used [0x00000007a6200000,0x00000007a6200000,0x00000007a8f80000)
 ParOldGen       total 145408K, used 37926K [0x00000006c0000000, 0x00000006c8e00000, 0x000000076ab00000)
  object space 145408K, 26% used [0x00000006c0000000,0x00000006c2509810,0x00000006c8e00000)
 Metaspace       used 24354K, capacity 24836K, committed 25088K, reserved 1071104K
  class space    used 2899K, capacity 3041K, committed 3072K, reserved 1048576K
}

Deoptimization events (10 events):
Event: 50659.528 Thread 0x00007fc3b0be7000 Uncommon trap: reason=speculate_class_check action=maybe_recompile pc=0x000000010c99c5c8 method=java.awt.Component.dispatchEventImpl(Ljava/awt/AWTEvent;)V @ 506
Event: 50659.528 Thread 0x00007fc3b0be7000 Uncommon trap: reason=bimorphic action=maybe_recompile pc=0x000000010bb17a94 method=java.awt.Component.processEvent(Ljava/awt/AWTEvent;)V @ 121
Event: 50659.528 Thread 0x00007fc3b0be7000 Uncommon trap: reason=bimorphic action=maybe_recompile pc=0x000000010bb17a94 method=java.awt.Component.processEvent(Ljava/awt/AWTEvent;)V @ 121
Event: 50659.566 Thread 0x00007fc3b0be7000 Uncommon trap: reason=speculate_class_check action=maybe_recompile pc=0x000000010c99c5c8 method=java.awt.Component.dispatchEventImpl(Ljava/awt/AWTEvent;)V @ 506
Event: 50733.427 Thread 0x00007fc3b0be7000 Uncommon trap: reason=class_check action=maybe_recompile pc=0x000000010c6996a4 method=java.awt.DefaultKeyboardFocusManager.dispatchEvent(Ljava/awt/AWTEvent;)Z @ 472
Event: 50776.243 Thread 0x00007fc3b0be7000 Uncommon trap: reason=class_check action=maybe_recompile pc=0x000000010c6996a4 method=java.awt.DefaultKeyboardFocusManager.dispatchEvent(Ljava/awt/AWTEvent;)Z @ 472
Event: 51079.600 Thread 0x00007fc3b1241000 Uncommon trap: reason=unstable_if action=reinterpret pc=0x000000010c447894 method=net.sourceforge.plantuml.command.CommandMultilines.isValid(Lnet/sourceforge/plantuml/command/BlocLines;)Lnet/sourceforge/plantuml/command/CommandControl; @ 30
Event: 51079.631 Thread 0x00007fc3b1241000 Uncommon trap: reason=unstable_if action=reinterpret pc=0x000000010c61263c method=net.sourceforge.plantuml.creole.SheetBlock1.initMap(Lnet/sourceforge/plantuml/graphic/StringBounder;)V @ 409
Event: 51113.950 Thread 0x00007fc3b14c0800 Uncommon trap: reason=unstable_if action=reinterpret pc=0x000000010bec51bc method=net.sourceforge.plantuml.SkinParam.getThickness(Lnet/sourceforge/plantuml/LineParam;Lnet/sourceforge/plantuml/cucadiagram/Stereotype;)Lnet/sourceforge/plantuml/ugraphic/UStr
Event: 55384.966 Thread 0x00007fc3b0be7000 Uncommon trap: reason=unstable_if action=reinterpret pc=0x000000010cac203c method=com.apple.laf.AquaUtils$RecyclableObject.get()Ljava/lang/Object; @ 16

Internal exceptions (10 events):
Event: 2208.011 Thread 0x00007fc3b0be7000 Implicit null exception at 0x000000010c4b3549 to 0x000000010c4b3611
Event: 3250.849 Thread 0x00007fc3b0be7000 Implicit null exception at 0x000000010c62f0db to 0x000000010c62fdba
Event: 3541.425 Thread 0x00007fc3b0be7000 Implicit null exception at 0x000000010beb00ac to 0x000000010beb0ccd
Event: 8348.545 Thread 0x00007fc3b0be7000 Implicit null exception at 0x000000010c658fb3 to 0x000000010c65aaa9
Event: 33735.977 Thread 0x00007fc3b08fa800 Implicit null exception at 0x000000010c575e46 to 0x000000010c577069
Event: 33735.977 Thread 0x00007fc3b08fa800 Implicit null exception at 0x000000010c5eaccc to 0x000000010c5eadd9
Event: 33736.008 Thread 0x00007fc3b0be7000 Implicit null exception at 0x000000010c7c322a to 0x000000010c7c7241
Event: 42978.415 Thread 0x00007fc3b0be7000 Implicit null exception at 0x000000010c803f00 to 0x000000010c80473d
Event: 49186.094 Thread 0x00007fc3b31b5000 Implicit null exception at 0x000000010c0b441c to 0x000000010c0b502d
Event: 55384.966 Thread 0x00007fc3b0be7000 Implicit null exception at 0x000000010cab8579 to 0x000000010cac201d

Events (10 events):
Event: 55384.945 Executing VM operation: RevokeBias
Event: 55384.945 Executing VM operation: RevokeBias done
Event: 55384.945 Executing VM operation: RevokeBias
Event: 55384.948 Executing VM operation: RevokeBias done
Event: 55384.951 Executing VM operation: RevokeBias
Event: 55384.951 Executing VM operation: RevokeBias done
Event: 55384.964 Thread 0x00007fc3b1801000 flushing nmethod 0x000000010c4cd810
Event: 55384.966 Thread 0x00007fc3b0be7000 Uncommon trap: trap_request=0xffffff65 fr.pc=0x000000010cac203c
Event: 55384.966 Thread 0x00007fc3b0be7000 DEOPT PACKING pc=0x000000010cac203c sp=0x0000700006e51d10
Event: 55384.966 Thread 0x00007fc3b0be7000 DEOPT UNPACKING pc=0x000000010b7ac229 sp=0x0000700006e51da8 mode 2


Dynamic libraries:
0x000000001e79b000 	/System/Library/Frameworks/Cocoa.framework/Versions/A/Cocoa
0x000000001e79b000 	/System/Library/Frameworks/Security.framework/Versions/A/Security
0x000000001e79b000 	/System/Library/Frameworks/ApplicationServices.framework/Versions/A/ApplicationServices
0x000000001e79b000 	/usr/lib/libz.1.dylib
0x000000001e79b000 	/usr/lib/libSystem.B.dylib
0x000000001e79b000 	/usr/lib/libobjc.A.dylib
0x000000001e79b000 	/System/Library/Frameworks/CoreFoundation.framework/Versions/A/CoreFoundation
0x000000001e79b000 	/System/Library/Frameworks/Foundation.framework/Versions/C/Foundation
0x000000001e79b000 	/System/Library/Frameworks/AppKit.framework/Versions/C/AppKit
0x000000001e79b000 	/System/Library/Frameworks/CoreData.framework/Versions/A/CoreData
0x000000001e79b000 	/System/Library/PrivateFrameworks/RemoteViewServices.framework/Versions/A/RemoteViewServices
0x000000001e79b000 	/System/Library/PrivateFrameworks/UIFoundation.framework/Versions/A/UIFoundation
0x000000001e79b000 	/System/Library/PrivateFrameworks/DFRFoundation.framework/Versions/A/DFRFoundation
0x000000001e79b000 	/System/Library/Frameworks/Metal.framework/Versions/A/Metal
0x000000001e79b000 	/System/Library/PrivateFrameworks/DesktopServicesPriv.framework/Versions/A/DesktopServicesPriv
0x000000001e79b000 	/usr/lib/libenergytrace.dylib
0x000000001e79b000 	/System/Library/PrivateFrameworks/SkyLight.framework/Versions/A/SkyLight
0x000000001e79b000 	/System/Library/Frameworks/CoreGraphics.framework/Versions/A/CoreGraphics
0x000000001e79b000 	/usr/lib/libScreenReader.dylib
0x000000001e79b000 	/System/Library/Frameworks/Accelerate.framework/Versions/A/Accelerate
0x000000001e79b000 	/System/Library/Frameworks/IOSurface.framework/Versions/A/IOSurface
0x000000001e79b000 	/System/Library/Frameworks/AudioToolbox.framework/Versions/A/AudioToolbox
0x000000001e79b000 	/System/Library/Frameworks/AudioUnit.framework/Versions/A/AudioUnit
0x000000001e79b000 	/System/Library/PrivateFrameworks/DataDetectorsCore.framework/Versions/A/DataDetectorsCore
0x000000001e79b000 	/System/Library/Frameworks/Carbon.framework/Versions/A/Frameworks/HIToolbox.framework/Versions/A/HIToolbox
0x000000001e79b000 	/usr/lib/libicucore.A.dylib
0x000000001e79b000 	/System/Library/Frameworks/QuartzCore.framework/Versions/A/QuartzCore
0x000000001e79b000 	/System/Library/PrivateFrameworks/SignpostNotification.framework/Versions/A/SignpostNotification
0x000000001e79b000 	/System/Library/Frameworks/Carbon.framework/Versions/A/Frameworks/SpeechRecognition.framework/Versions/A/SpeechRecognition
0x000000001e79b000 	/usr/lib/libauto.dylib
0x000000001e79b000 	/usr/lib/libxml2.2.dylib
0x000000001e79b000 	/System/Library/PrivateFrameworks/CoreUI.framework/Versions/A/CoreUI
0x000000001e79b000 	/System/Library/Frameworks/CoreAudio.framework/Versions/A/CoreAudio
0x000000001e79b000 	/System/Library/Frameworks/DiskArbitration.framework/Versions/A/DiskArbitration
0x000000001e79b000 	/usr/lib/liblangid.dylib
0x000000001e79b000 	/System/Library/PrivateFrameworks/MultitouchSupport.framework/Versions/A/MultitouchSupport
0x000000001e79b000 	/System/Library/Frameworks/IOKit.framework/Versions/A/IOKit
0x000000001e79b000 	/usr/lib/libDiagnosticMessagesClient.dylib
0x000000001e79b000 	/System/Library/Frameworks/CoreServices.framework/Versions/A/CoreServices
0x000000001e79b000 	/System/Library/PrivateFrameworks/PerformanceAnalysis.framework/Versions/A/PerformanceAnalysis
0x000000001e79b000 	/System/Library/Frameworks/OpenGL.framework/Versions/A/OpenGL
0x000000001e79b000 	/System/Library/Frameworks/ColorSync.framework/Versions/A/ColorSync
0x000000001e79b000 	/System/Library/Frameworks/CoreImage.framework/Versions/A/CoreImage
0x000000001e79b000 	/System/Library/Frameworks/CoreText.framework/Versions/A/CoreText
0x000000001e79b000 	/System/Library/Frameworks/ImageIO.framework/Versions/A/ImageIO
0x000000001e79b000 	/System/Library/PrivateFrameworks/Backup.framework/Versions/A/Backup
0x000000001e79b000 	/usr/lib/libarchive.2.dylib
0x000000001e79b000 	/System/Library/Frameworks/CFNetwork.framework/Versions/A/CFNetwork
0x000000001e79b000 	/System/Library/Frameworks/SystemConfiguration.framework/Versions/A/SystemConfiguration
0x000000001e79b000 	/usr/lib/libCRFSuite.dylib
0x000000001e79b000 	/usr/lib/libc++.1.dylib
0x000000001e79b000 	/usr/lib/libc++abi.dylib
0x000000001e79b000 	/usr/lib/system/libcache.dylib
0x000000001e79b000 	/usr/lib/system/libcommonCrypto.dylib
0x000000001e79b000 	/usr/lib/system/libcompiler_rt.dylib
0x000000001e79b000 	/usr/lib/system/libcopyfile.dylib
0x000000001e79b000 	/usr/lib/system/libcorecrypto.dylib
0x000000001e79b000 	/usr/lib/system/libdispatch.dylib
0x000000001e79b000 	/usr/lib/system/libdyld.dylib
0x000000001e79b000 	/usr/lib/system/libkeymgr.dylib
0x000000001e79b000 	/usr/lib/system/liblaunch.dylib
0x000000001e79b000 	/usr/lib/system/libmacho.dylib
0x000000001e79b000 	/usr/lib/system/libquarantine.dylib
0x000000001e79b000 	/usr/lib/system/libremovefile.dylib
0x000000001e79b000 	/usr/lib/system/libsystem_asl.dylib
0x000000001e79b000 	/usr/lib/system/libsystem_blocks.dylib
0x000000001e79b000 	/usr/lib/system/libsystem_c.dylib
0x000000001e79b000 	/usr/lib/system/libsystem_configuration.dylib
0x000000001e79b000 	/usr/lib/system/libsystem_coreservices.dylib
0x000000001e79b000 	/usr/lib/system/libsystem_darwin.dylib
0x000000001e79b000 	/usr/lib/system/libsystem_dnssd.dylib
0x000000001e79b000 	/usr/lib/system/libsystem_info.dylib
0x000000001e79b000 	/usr/lib/system/libsystem_m.dylib
0x000000001e79b000 	/usr/lib/system/libsystem_malloc.dylib
0x000000001e79b000 	/usr/lib/system/libsystem_network.dylib
0x000000001e79b000 	/usr/lib/system/libsystem_networkextension.dylib
0x000000001e79b000 	/usr/lib/system/libsystem_notify.dylib
0x000000001e79b000 	/usr/lib/system/libsystem_sandbox.dylib
0x000000001e79b000 	/usr/lib/system/libsystem_secinit.dylib
0x000000001e79b000 	/usr/lib/system/libsystem_kernel.dylib
0x000000001e79b000 	/usr/lib/system/libsystem_platform.dylib
0x000000001e79b000 	/usr/lib/system/libsystem_pthread.dylib
0x000000001e79b000 	/usr/lib/system/libsystem_symptoms.dylib
0x000000001e79b000 	/usr/lib/system/libsystem_trace.dylib
0x000000001e79b000 	/usr/lib/system/libunwind.dylib
0x000000001e79b000 	/usr/lib/system/libxpc.dylib
0x000000001e79b000 	/usr/lib/closure/libclosured.dylib
0x000000001e79b000 	/usr/lib/libbsm.0.dylib
0x000000001e79b000 	/usr/lib/system/libkxld.dylib
0x000000001e79b000 	/usr/lib/libOpenScriptingUtil.dylib
0x000000001e79b000 	/usr/lib/libcoretls.dylib
0x000000001e79b000 	/usr/lib/libcoretls_cfhelpers.dylib
0x000000001e79b000 	/usr/lib/libpam.2.dylib
0x000000001e79b000 	/usr/lib/libsqlite3.dylib
0x000000001e79b000 	/usr/lib/libxar.1.dylib
0x000000001e79b000 	/usr/lib/libbz2.1.0.dylib
0x000000001e79b000 	/usr/lib/liblzma.5.dylib
0x000000001e79b000 	/usr/lib/libnetwork.dylib
0x000000001e79b000 	/usr/lib/libapple_nghttp2.dylib
0x000000001e79b000 	/usr/lib/libpcap.A.dylib
0x000000001e79b000 	/usr/lib/libboringssl.dylib
0x000000001e79b000 	/usr/lib/libusrtcp.dylib
0x000000001e79b000 	/usr/lib/libapple_crypto.dylib
0x000000001e79b000 	/System/Library/Frameworks/CoreServices.framework/Versions/A/Frameworks/FSEvents.framework/Versions/A/FSEvents
0x000000001e79b000 	/System/Library/Frameworks/CoreServices.framework/Versions/A/Frameworks/CarbonCore.framework/Versions/A/CarbonCore
0x000000001e79b000 	/System/Library/Frameworks/CoreServices.framework/Versions/A/Frameworks/Metadata.framework/Versions/A/Metadata
0x000000001e79b000 	/System/Library/Frameworks/CoreServices.framework/Versions/A/Frameworks/OSServices.framework/Versions/A/OSServices
0x000000001e79b000 	/System/Library/Frameworks/CoreServices.framework/Versions/A/Frameworks/SearchKit.framework/Versions/A/SearchKit
0x000000001e79b000 	/System/Library/Frameworks/CoreServices.framework/Versions/A/Frameworks/AE.framework/Versions/A/AE
0x000000001e79b000 	/System/Library/Frameworks/CoreServices.framework/Versions/A/Frameworks/LaunchServices.framework/Versions/A/LaunchServices
0x000000001e79b000 	/System/Library/Frameworks/CoreServices.framework/Versions/A/Frameworks/DictionaryServices.framework/Versions/A/DictionaryServices
0x000000001e79b000 	/System/Library/Frameworks/CoreServices.framework/Versions/A/Frameworks/SharedFileList.framework/Versions/A/SharedFileList
0x000000001e79b000 	/System/Library/Frameworks/NetFS.framework/Versions/A/NetFS
0x000000001e79b000 	/System/Library/PrivateFrameworks/NetAuth.framework/Versions/A/NetAuth
0x000000001e79b000 	/System/Library/PrivateFrameworks/login.framework/Versions/A/Frameworks/loginsupport.framework/Versions/A/loginsupport
0x000000001e79b000 	/System/Library/PrivateFrameworks/TCC.framework/Versions/A/TCC
0x000000001e79b000 	/usr/lib/libmecabra.dylib
0x000000001e79b000 	/System/Library/Frameworks/ApplicationServices.framework/Versions/A/Frameworks/ATS.framework/Versions/A/ATS
0x000000001e79b000 	/System/Library/Frameworks/ApplicationServices.framework/Versions/A/Frameworks/ColorSyncLegacy.framework/Versions/A/ColorSyncLegacy
0x000000001e79b000 	/System/Library/Frameworks/ApplicationServices.framework/Versions/A/Frameworks/HIServices.framework/Versions/A/HIServices
0x000000001e79b000 	/System/Library/Frameworks/ApplicationServices.framework/Versions/A/Frameworks/LangAnalysis.framework/Versions/A/LangAnalysis
0x000000001e79b000 	/System/Library/Frameworks/ApplicationServices.framework/Versions/A/Frameworks/PrintCore.framework/Versions/A/PrintCore
0x000000001e79b000 	/System/Library/Frameworks/ApplicationServices.framework/Versions/A/Frameworks/QD.framework/Versions/A/QD
0x000000001e79b000 	/System/Library/Frameworks/ApplicationServices.framework/Versions/A/Frameworks/SpeechSynthesis.framework/Versions/A/SpeechSynthesis
0x000000001e79b000 	/System/Library/Frameworks/CoreDisplay.framework/Versions/A/CoreDisplay
0x000000001e79b000 	/System/Library/Frameworks/Accelerate.framework/Versions/A/Frameworks/vImage.framework/Versions/A/vImage
0x000000001e79b000 	/System/Library/Frameworks/Accelerate.framework/Versions/A/Frameworks/vecLib.framework/Versions/A/vecLib
0x000000001e79b000 	/System/Library/Frameworks/Accelerate.framework/Versions/A/Frameworks/vecLib.framework/Versions/A/libvDSP.dylib
0x000000001e79b000 	/System/Library/Frameworks/Accelerate.framework/Versions/A/Frameworks/vecLib.framework/Versions/A/libBNNS.dylib
0x000000001e79b000 	/System/Library/Frameworks/Accelerate.framework/Versions/A/Frameworks/vecLib.framework/Versions/A/libQuadrature.dylib
0x000000001e79b000 	/System/Library/Frameworks/Accelerate.framework/Versions/A/Frameworks/vecLib.framework/Versions/A/libvMisc.dylib
0x000000001e79b000 	/System/Library/Frameworks/Accelerate.framework/Versions/A/Frameworks/vecLib.framework/Versions/A/libLAPACK.dylib
0x000000001e79b000 	/System/Library/Frameworks/Accelerate.framework/Versions/A/Frameworks/vecLib.framework/Versions/A/libBLAS.dylib
0x000000001e79b000 	/System/Library/Frameworks/Accelerate.framework/Versions/A/Frameworks/vecLib.framework/Versions/A/libLinearAlgebra.dylib
0x000000001e79b000 	/System/Library/Frameworks/Accelerate.framework/Versions/A/Frameworks/vecLib.framework/Versions/A/libSparse.dylib
0x000000001e79b000 	/System/Library/Frameworks/Accelerate.framework/Versions/A/Frameworks/vecLib.framework/Versions/A/libSparseBLAS.dylib
0x000000001e79b000 	/System/Library/PrivateFrameworks/GPUWrangler.framework/Versions/A/GPUWrangler
0x000000001e79b000 	/System/Library/PrivateFrameworks/IOAccelerator.framework/Versions/A/IOAccelerator
0x000000001e79b000 	/System/Library/PrivateFrameworks/IOPresentment.framework/Versions/A/IOPresentment
0x000000001e79b000 	/System/Library/PrivateFrameworks/DSExternalDisplay.framework/Versions/A/DSExternalDisplay
0x000000001e79b000 	/System/Library/Frameworks/OpenGL.framework/Versions/A/Libraries/libCoreFSCache.dylib
0x000000001e79b000 	/System/Library/Frameworks/CoreVideo.framework/Versions/A/CoreVideo
0x000000001e79b000 	/System/Library/PrivateFrameworks/GraphVisualizer.framework/Versions/A/GraphVisualizer
0x000000001e79b000 	/System/Library/Frameworks/MetalPerformanceShaders.framework/Versions/A/MetalPerformanceShaders
0x000000001e79b000 	/usr/lib/libFosl_dynamic.dylib
0x000000001e79b000 	/System/Library/PrivateFrameworks/FaceCore.framework/Versions/A/FaceCore
0x000000001e79b000 	/System/Library/Frameworks/OpenCL.framework/Versions/A/OpenCL
0x000000001e79b000 	/usr/lib/libcompression.dylib
0x000000001e79b000 	/System/Library/Frameworks/ApplicationServices.framework/Versions/A/Frameworks/ATS.framework/Versions/A/Resources/libFontParser.dylib
0x000000001e79b000 	/System/Library/Frameworks/ApplicationServices.framework/Versions/A/Frameworks/ATS.framework/Versions/A/Resources/libFontRegistry.dylib
0x000000001e79b000 	/System/Library/Frameworks/ImageIO.framework/Versions/A/Resources/libJPEG.dylib
0x000000001e79b000 	/System/Library/Frameworks/ImageIO.framework/Versions/A/Resources/libTIFF.dylib
0x000000001e79b000 	/System/Library/Frameworks/ImageIO.framework/Versions/A/Resources/libPng.dylib
0x000000001e79b000 	/System/Library/Frameworks/ImageIO.framework/Versions/A/Resources/libGIF.dylib
0x000000001e79b000 	/System/Library/Frameworks/ImageIO.framework/Versions/A/Resources/libJP2.dylib
0x000000001e79b000 	/System/Library/Frameworks/ImageIO.framework/Versions/A/Resources/libRadiance.dylib
0x000000001e79b000 	/System/Library/PrivateFrameworks/AppleJPEG.framework/Versions/A/AppleJPEG
0x000000001e79b000 	/System/Library/Frameworks/MetalPerformanceShaders.framework/Frameworks/MPSCore.framework/Versions/A/MPSCore
0x000000001e79b000 	/System/Library/Frameworks/MetalPerformanceShaders.framework/Frameworks/MPSImage.framework/Versions/A/MPSImage
0x000000001e79b000 	/System/Library/Frameworks/MetalPerformanceShaders.framework/Frameworks/MPSNeuralNetwork.framework/Versions/A/MPSNeuralNetwork
0x000000001e79b000 	/System/Library/Frameworks/MetalPerformanceShaders.framework/Frameworks/MPSMatrix.framework/Versions/A/MPSMatrix
0x000000001e79b000 	/System/Library/PrivateFrameworks/MetalTools.framework/Versions/A/MetalTools
0x000000001e79b000 	/System/Library/Frameworks/OpenGL.framework/Versions/A/Libraries/libGLU.dylib
0x000000001e79b000 	/System/Library/Frameworks/OpenGL.framework/Versions/A/Libraries/libGFXShared.dylib
0x000000001e79b000 	/System/Library/Frameworks/OpenGL.framework/Versions/A/Libraries/libGL.dylib
0x000000001e79b000 	/System/Library/Frameworks/OpenGL.framework/Versions/A/Libraries/libGLImage.dylib
0x000000001e79b000 	/System/Library/Frameworks/OpenGL.framework/Versions/A/Libraries/libCVMSPluginSupport.dylib
0x000000001e79b000 	/System/Library/Frameworks/OpenGL.framework/Versions/A/Libraries/libCoreVMClient.dylib
0x000000001e79b000 	/usr/lib/libcups.2.dylib
0x000000001e79b000 	/System/Library/Frameworks/Kerberos.framework/Versions/A/Kerberos
0x000000001e79b000 	/System/Library/Frameworks/GSS.framework/Versions/A/GSS
0x000000001e79b000 	/usr/lib/libresolv.9.dylib
0x000000001e79b000 	/usr/lib/libiconv.2.dylib
0x000000001e79b000 	/System/Library/PrivateFrameworks/Heimdal.framework/Versions/A/Heimdal
0x000000001e79b000 	/usr/lib/libheimdal-asn1.dylib
0x000000001e79b000 	/System/Library/Frameworks/OpenDirectory.framework/Versions/A/OpenDirectory
0x000000001e79b000 	/System/Library/PrivateFrameworks/CommonAuth.framework/Versions/A/CommonAuth
0x000000001e79b000 	/System/Library/Frameworks/OpenDirectory.framework/Versions/A/Frameworks/CFOpenDirectory.framework/Versions/A/CFOpenDirectory
0x000000001e79b000 	/System/Library/Frameworks/SecurityFoundation.framework/Versions/A/SecurityFoundation
0x000000001e79b000 	/System/Library/PrivateFrameworks/APFS.framework/Versions/A/APFS
0x000000001e79b000 	/usr/lib/libutil.dylib
0x000000001e79b000 	/System/Library/PrivateFrameworks/AppleSauce.framework/Versions/A/AppleSauce
0x000000001e79b000 	/System/Library/PrivateFrameworks/LinguisticData.framework/Versions/A/LinguisticData
0x000000001e79b000 	/usr/lib/libmarisa.dylib
0x000000001e79b000 	/System/Library/PrivateFrameworks/Lexicon.framework/Versions/A/Lexicon
0x000000001e79b000 	/usr/lib/libChineseTokenizer.dylib
0x000000001e79b000 	/usr/lib/libcmph.dylib
0x000000001e79b000 	/System/Library/PrivateFrameworks/LanguageModeling.framework/Versions/A/LanguageModeling
0x000000001e79b000 	/System/Library/PrivateFrameworks/CoreEmoji.framework/Versions/A/CoreEmoji
0x000000001e79b000 	/System/Library/Frameworks/ServiceManagement.framework/Versions/A/ServiceManagement
0x000000001e79b000 	/System/Library/PrivateFrameworks/BackgroundTaskManagement.framework/Versions/A/BackgroundTaskManagement
0x000000001e79b000 	/usr/lib/libxslt.1.dylib
0x000000001e79b000 	/System/Library/Frameworks/Carbon.framework/Versions/A/Frameworks/Ink.framework/Versions/A/Ink
0x000000001e79b000 	/System/Library/PrivateFrameworks/TextureIO.framework/Versions/A/TextureIO
0x000000001e79b000 	/usr/lib/libate.dylib
0x000000001e79b000 	/System/Library/PrivateFrameworks/CrashReporterSupport.framework/Versions/A/CrashReporterSupport
0x000000001e79b000 	/System/Library/PrivateFrameworks/Sharing.framework/Versions/A/Sharing
0x000000001e79b000 	/System/Library/PrivateFrameworks/IconServices.framework/Versions/A/IconServices
0x000000001e79b000 	/System/Library/PrivateFrameworks/Apple80211.framework/Versions/A/Apple80211
0x000000001e79b000 	/System/Library/PrivateFrameworks/CoreUtils.framework/Versions/A/CoreUtils
0x000000001e79b000 	/System/Library/Frameworks/CoreWLAN.framework/Versions/A/CoreWLAN
0x000000001e79b000 	/System/Library/Frameworks/IOBluetooth.framework/Versions/A/IOBluetooth
0x000000001e79b000 	/System/Library/PrivateFrameworks/ProtocolBuffer.framework/Versions/A/ProtocolBuffer
0x000000001e79b000 	/System/Library/PrivateFrameworks/CoreWiFi.framework/Versions/A/CoreWiFi
0x000000001e79b000 	/System/Library/Frameworks/CoreBluetooth.framework/Versions/A/CoreBluetooth
0x000000001e79b000 	/System/Library/PrivateFrameworks/DebugSymbols.framework/Versions/A/DebugSymbols
0x000000001e79b000 	/System/Library/PrivateFrameworks/CoreSymbolication.framework/Versions/A/CoreSymbolication
0x000000001e79b000 	/System/Library/PrivateFrameworks/Symbolication.framework/Versions/A/Symbolication
0x000000001e79b000 	/System/Library/PrivateFrameworks/AppleFSCompression.framework/Versions/A/AppleFSCompression
0x000000001e79b000 	/System/Library/PrivateFrameworks/SpeechRecognitionCore.framework/Versions/A/SpeechRecognitionCore
0x000000010a800000 	/Library/Java/JavaVirtualMachines/jdk1.8.0_144.jdk/Contents/Home/jre/lib/server/libjvm.dylib
0x000000001e79b000 	/usr/lib/libstdc++.6.0.9.dylib
0x00000001088e3000 	/Library/Java/JavaVirtualMachines/jdk1.8.0_144.jdk/Contents/Home/jre/lib/libverify.dylib
0x00000001088f1000 	/Library/Java/JavaVirtualMachines/jdk1.8.0_144.jdk/Contents/Home/jre/lib/libjava.dylib
0x0000000108970000 	/Library/Java/JavaVirtualMachines/jdk1.8.0_144.jdk/Contents/Home/jre/lib/libzip.dylib
0x000000001e79b000 	/System/Library/Frameworks/JavaVM.framework/Versions/A/Frameworks/JavaRuntimeSupport.framework/Versions/A/JavaRuntimeSupport
0x000000001e79b000 	/System/Library/Frameworks/JavaVM.framework/Versions/A/Frameworks/JavaNativeFoundation.framework/Versions/A/JavaNativeFoundation
0x000000001e79b000 	/System/Library/Frameworks/JavaVM.framework/Versions/A/JavaVM
0x000000001e79b000 	/System/Library/Frameworks/Carbon.framework/Versions/A/Carbon
0x000000001e79b000 	/System/Library/PrivateFrameworks/JavaLaunching.framework/Versions/A/JavaLaunching
0x000000001e79b000 	/System/Library/Frameworks/Carbon.framework/Versions/A/Frameworks/CommonPanels.framework/Versions/A/CommonPanels
0x000000001e79b000 	/System/Library/Frameworks/Carbon.framework/Versions/A/Frameworks/Help.framework/Versions/A/Help
0x000000001e79b000 	/System/Library/Frameworks/Carbon.framework/Versions/A/Frameworks/ImageCapture.framework/Versions/A/ImageCapture
0x000000001e79b000 	/System/Library/Frameworks/Carbon.framework/Versions/A/Frameworks/OpenScripting.framework/Versions/A/OpenScripting
0x000000001e79b000 	/System/Library/Frameworks/Carbon.framework/Versions/A/Frameworks/Print.framework/Versions/A/Print
0x000000001e79b000 	/System/Library/Frameworks/Carbon.framework/Versions/A/Frameworks/SecurityHI.framework/Versions/A/SecurityHI
0x000000012747e000 	/Library/Java/JavaVirtualMachines/jdk1.8.0_144.jdk/Contents/Home/jre/lib/libawt.dylib
0x0000000127526000 	/Library/Java/JavaVirtualMachines/jdk1.8.0_144.jdk/Contents/Home/jre/lib/./libmlib_image.dylib
0x00000001275f2000 	/Library/Java/JavaVirtualMachines/jdk1.8.0_144.jdk/Contents/Home/jre/lib/libawt_lwawt.dylib
0x00000001276a9000 	/Library/Java/JavaVirtualMachines/jdk1.8.0_144.jdk/Contents/Home/jre/lib/./libosxapp.dylib
0x000000001e79b000 	/System/Library/Frameworks/ExceptionHandling.framework/Versions/A/ExceptionHandling
0x000000001e79b000 	/System/Library/PrivateFrameworks/CoreServicesInternal.framework/Versions/A/CoreServicesInternal
0x000000001e79b000 	/System/Library/CoreServices/RawCamera.bundle/Contents/MacOS/RawCamera
0x000000001e79b000 	/System/Library/PrivateFrameworks/MobileAsset.framework/Versions/A/MobileAsset
0x000000001e79b000 	/System/Library/PrivateFrameworks/StreamingZip.framework/Versions/A/StreamingZip
0x000000001e79b000 	/System/Library/Frameworks/MediaToolbox.framework/Versions/A/MediaToolbox
0x000000001e79b000 	/System/Library/PrivateFrameworks/CoreAVCHD.framework/Versions/A/CoreAVCHD
0x000000001e79b000 	/System/Library/Frameworks/MediaAccessibility.framework/Versions/A/MediaAccessibility
0x000000001e79b000 	/System/Library/PrivateFrameworks/Mangrove.framework/Versions/A/Mangrove
0x000000001e79b000 	/System/Library/Frameworks/CoreMedia.framework/Versions/A/CoreMedia
0x000000001e79b000 	/System/Library/Frameworks/VideoToolbox.framework/Versions/A/VideoToolbox
0x000000001e79b000 	/System/Library/PrivateFrameworks/CoreAUC.framework/Versions/A/CoreAUC
0x000000001e79b000 	/usr/lib/libspindump.dylib
0x000000001e79b000 	/System/Library/PrivateFrameworks/AppleVA.framework/Versions/A/AppleVA
0x000000001e79b000 	/System/Library/Frameworks/Accelerate.framework/Versions/A/Frameworks/vImage.framework/Versions/A/Libraries/libCGInterfaces.dylib
0x000000001e79b000 	/System/Library/Frameworks/ApplicationServices.framework/Versions/A/Frameworks/ATS.framework/Versions/A/Resources/libTrueTypeScaler.dylib
0x000000012a19c000 	/System/Library/Extensions/AMDMTLBronzeDriver.bundle/Contents/MacOS/AMDMTLBronzeDriver
0x000000001e79b000 	/System/Library/PrivateFrameworks/IOAccelMemoryInfo.framework/Versions/A/IOAccelMemoryInfo
0x000000001e79b000 	/System/Library/Extensions/AppleIntelSKLGraphicsMTLDriver.bundle/Contents/MacOS/AppleIntelSKLGraphicsMTLDriver
0x000000001e79b000 	/System/Library/PrivateFrameworks/GPUCompiler.framework/Versions/3802/Libraries/libmetal_timestamp.dylib
0x000000001e79b000 	/System/Library/PrivateFrameworks/FamilyControls.framework/Versions/A/FamilyControls
0x000000001e79b000 	/System/Library/PrivateFrameworks/CommerceKit.framework/Versions/A/Frameworks/CommerceCore.framework/Versions/A/CommerceCore
0x000000001e79b000 	/System/Library/PrivateFrameworks/SystemAdministration.framework/Versions/A/SystemAdministration
0x000000001e79b000 	/System/Library/PrivateFrameworks/AppContainer.framework/Versions/A/AppContainer
0x000000001e79b000 	/System/Library/PrivateFrameworks/SecCodeWrapper.framework/Versions/A/SecCodeWrapper
0x000000001e79b000 	/System/Library/PrivateFrameworks/DiskManagement.framework/Versions/A/DiskManagement
0x000000001e79b000 	/System/Library/Frameworks/DirectoryService.framework/Versions/A/DirectoryService
0x000000001e79b000 	/System/Library/PrivateFrameworks/DiskImages.framework/Versions/A/DiskImages
0x000000001e79b000 	/System/Library/PrivateFrameworks/LoginUIKit.framework/Versions/A/Frameworks/LoginUICore.framework/Versions/A/LoginUICore
0x000000001e79b000 	/usr/lib/libCoreStorage.dylib
0x000000001e79b000 	/usr/lib/libcsfde.dylib
0x000000001e79b000 	/usr/lib/libodfde.dylib
0x000000001e79b000 	/System/Library/PrivateFrameworks/MediaKit.framework/Versions/A/MediaKit
0x000000001e79b000 	/System/Library/Frameworks/DiscRecording.framework/Versions/A/DiscRecording
0x000000001e79b000 	/System/Library/PrivateFrameworks/EFILogin.framework/Versions/A/EFILogin
0x000000001e79b000 	/System/Library/PrivateFrameworks/ProtectedCloudStorage.framework/Versions/A/ProtectedCloudStorage
0x000000001e79b000 	/usr/lib/libcurl.4.dylib
0x000000001e79b000 	/usr/lib/libcrypto.35.dylib
0x000000001e79b000 	/usr/lib/libssl.35.dylib
0x000000001e79b000 	/System/Library/Frameworks/LDAP.framework/Versions/A/LDAP
0x000000001e79b000 	/System/Library/PrivateFrameworks/TrustEvaluationAgent.framework/Versions/A/TrustEvaluationAgent
0x000000001e79b000 	/usr/lib/libsasl2.2.dylib
0x000000001e79b000 	/System/Library/PrivateFrameworks/CoreDaemon.framework/Versions/B/CoreDaemon
0x000000001e79b000 	/System/Library/PrivateFrameworks/AppleSRP.framework/Versions/A/AppleSRP
0x000000001e79b000 	/System/Library/Frameworks/OpenGL.framework/Versions/A/Resources/GLEngine.bundle/GLEngine
0x000000001e79b000 	/System/Library/Frameworks/OpenGL.framework/Versions/A/Libraries/libGLProgrammability.dylib
0x000000012b074000 	/System/Library/Extensions/AppleIntelSKLGraphicsGLDriver.bundle/Contents/MacOS/AppleIntelSKLGraphicsGLDriver
0x000000001e79b000 	/System/Library/PrivateFrameworks/GPUSupport.framework/Versions/A/Libraries/libGPUSupportMercury.dylib
0x000000012c335000 	/System/Library/Extensions/AMDRadeonX4000GLDriver.bundle/Contents/MacOS/AMDRadeonX4000GLDriver
0x000000001e79b000 	/System/Library/Extensions/AMDRadeonX4000GLDriver.bundle/Contents/MacOS/ATIRadeonX4000SCLib.dylib
0x000000001e79b000 	/System/Library/Frameworks/OpenGL.framework/Versions/A/Resources/GLRendererFloat.bundle/GLRendererFloat
0x000000001e79b000 	/System/Library/Frameworks/OpenCL.framework/Versions/A/Libraries/libcldcpuengine.dylib
0x000000012ca56000 	/Library/Java/JavaVirtualMachines/jdk1.8.0_144.jdk/Contents/Home/jre/lib/libfontmanager.dylib
0x000000012cd78000 	/Library/Java/JavaVirtualMachines/jdk1.8.0_144.jdk/Contents/Home/jre/lib/libnet.dylib
0x000000012cdd7000 	/Library/Java/JavaVirtualMachines/jdk1.8.0_144.jdk/Contents/Home/jre/lib/libnio.dylib
0x000000001e79b000 	/System/Library/PrivateFrameworks/ViewBridge.framework/Versions/A/ViewBridge
0x000000015a21a000 	/Library/Java/JavaVirtualMachines/jdk1.8.0_144.jdk/Contents/Home/jre/lib/libosx.dylib
0x000000015a228000 	/Library/Java/JavaVirtualMachines/jdk1.8.0_144.jdk/Contents/Home/jre/lib/libosxui.dylib
0x0000000129a1a000 	/Library/Java/JavaVirtualMachines/jdk1.8.0_144.jdk/Contents/Home/jre/lib/libdcpr.dylib
0x000000001e79b000 	/System/Library/PrivateFrameworks/CloudDocs.framework/Versions/A/CloudDocs
0x000000001e79b000 	/System/Library/PrivateFrameworks/FileProvider.framework/Versions/A/FileProvider
0x000000001e79b000 	/System/Library/PrivateFrameworks/SpotlightIndex.framework/Versions/A/SpotlightIndex
0x000000001e79b000 	/System/Library/PrivateFrameworks/SymptomDiagnosticReporter.framework/Versions/A/SymptomDiagnosticReporter
0x000000001e79b000 	/System/Library/PrivateFrameworks/GenerationalStorage.framework/Versions/A/GenerationalStorage
0x000000001e79b000 	/System/Library/PrivateFrameworks/ChunkingLibrary.framework/Versions/A/ChunkingLibrary
0x000000001e79b000 	/System/Library/PrivateFrameworks/CoreNLP.framework/Versions/A/CoreNLP
0x000000001e79b000 	/usr/lib/libmecab.1.0.0.dylib
0x000000001e79b000 	/usr/lib/libgermantok.dylib
0x000000001e79b000 	/usr/lib/libThaiTokenizer.dylib
0x000000001e79b000 	/System/Library/PrivateFrameworks/login.framework/Versions/A/login

VM Arguments:
java_command: /usr/local/Cellar/plantuml/1.2017.16/libexec/plantuml.jar
java_class_path (initial): /usr/local/Cellar/plantuml/1.2017.16/libexec/plantuml.jar
Launcher Type: SUN_STANDARD

Environment Variables:
PATH=/usr/local/bin:/usr/local/sbin:/usr/bin:/bin:/usr/sbin:/sbin:/Users/adam/.cargo/bin:/Users/adam/bin:/Users/adam/.fzf/bin
SHELL=/usr/local/bin/zsh

Signal Handlers:
SIGSEGV: [libjvm.dylib+0x5b26e5], sa_mask[0]=11111111011111110111111111111111, sa_flags=SA_ONSTACK|SA_RESTART|SA_SIGINFO
SIGBUS: [libjvm.dylib+0x5b26e5], sa_mask[0]=11111111011111110111111111111111, sa_flags=SA_RESTART|SA_SIGINFO
SIGFPE: [libjvm.dylib+0x489100], sa_mask[0]=11111111011111110111111111111111, sa_flags=SA_RESTART|SA_SIGINFO
SIGPIPE: [libjvm.dylib+0x489100], sa_mask[0]=11111111011111110111111111111111, sa_flags=SA_RESTART|SA_SIGINFO
SIGXFSZ: [libjvm.dylib+0x489100], sa_mask[0]=11111111011111110111111111111111, sa_flags=SA_RESTART|SA_SIGINFO
SIGILL: [libjvm.dylib+0x489100], sa_mask[0]=11111111011111110111111111111111, sa_flags=SA_RESTART|SA_SIGINFO
SIGUSR1: SIG_DFL, sa_mask[0]=00000000000000000000000000000000, sa_flags=SA_RESTART
SIGUSR2: [libjvm.dylib+0x488c1e], sa_mask[0]=00000000000000000000000000000000, sa_flags=SA_RESTART|SA_SIGINFO
SIGHUP: [libjvm.dylib+0x4871f5], sa_mask[0]=11111111011111110111111111111111, sa_flags=SA_RESTART|SA_SIGINFO
SIGINT: [libjvm.dylib+0x4871f5], sa_mask[0]=11111111011111110111111111111111, sa_flags=SA_RESTART|SA_SIGINFO
SIGTERM: [libjvm.dylib+0x4871f5], sa_mask[0]=11111111011111110111111111111111, sa_flags=SA_RESTART|SA_SIGINFO
SIGQUIT: [libjvm.dylib+0x4871f5], sa_mask[0]=11111111011111110111111111111111, sa_flags=SA_RESTART|SA_SIGINFO


---------------  S Y S T E M  ---------------

OS:Bsduname:Darwin 17.5.0 Darwin Kernel Version 17.5.0: Mon Mar  5 22:24:32 PST 2018; root:xnu-4570.51.1~1/RELEASE_X86_64 x86_64
rlimit: STACK 8192k, CORE 0k, NPROC 1418, NOFILE 10240, AS infinity
load average:1.74 2.02 2.25

CPU:total 8 (initial active 8) (4 cores per cpu, 2 threads per core) family 6 model 94 stepping 3, cmov, cx8, fxsr, mmx, sse, sse2, sse3, ssse3, sse4.1, sse4.2, popcnt, avx, avx2, aes, clmul, erms, rtm, 3dnowpref, lzcnt, ht, tsc, tscinvbit, bmi1, bmi2, adx

Memory: 4k page, physical 16777216k(29620k free)

/proc/meminfo:


vm_info: Java HotSpot(TM) 64-Bit Server VM (25.144-b01) for bsd-amd64 JRE (1.8.0_144-b01), built on Jul 21 2017 22:07:42 by "java_re" with gcc 4.2.1 (Based on Apple Inc. build 5658) (LLVM build 2336.11.00)

time: Fri May 18 11:08:24 2018
elapsed time: 55384 seconds (0d 15h 23m 4s)

